<?xml version="1.0" encoding="UTF-8"?>
<testsuite name="com.amy.bbq.ApplicationTests" tests="1" skipped="0" failures="0" errors="0" timestamp="2023-03-24T03:12:25" hostname="192-168-1-107.tpgi.com.au" time="0.007">
  <properties/>
  <testcase name="contextLoads()" classname="com.amy.bbq.ApplicationTests" time="0.007"/>
  <system-out><![CDATA[]]></system-out>
  <system-err><![CDATA[]]></system-err>
</testsuite>
